SF:lib\presentation\bloc\bottom_nav_bar_bloc.dart
DA:8,3
DA:9,2
DA:10,2
DA:11,1
DA:12,2
LF:5
LH:5
end_of_record
SF:lib\presentation\bloc\bottom_nav_bar_event.dart
DA:2,1
DA:7,1
LF:2
LH:2
end_of_record
SF:lib\presentation\bloc\bottom_nav_bar_state.dart
DA:4,1
DA:6,1
DA:7,1
DA:16,1
DA:18,1
DA:19,2
LF:6
LH:6
end_of_record
SF:lib\data\models\movie_table.dart
DA:13,0
DA:22,0
DA:23,0
DA:24,0
DA:25,0
DA:26,0
DA:31,0
DA:32,0
DA:33,0
DA:34,0
DA:35,0
DA:41,0
DA:42,0
DA:43,0
DA:44,0
DA:45,0
DA:50,0
DA:51,0
DA:52,0
DA:53,0
DA:54,0
DA:58,0
DA:59,0
LF:23
LH:0
end_of_record
SF:lib\data\models\tv_series_table.dart
DA:7,0
DA:21,0
DA:22,0
DA:23,0
DA:24,0
DA:25,0
DA:30,0
DA:31,0
DA:32,0
DA:33,0
DA:34,0
DA:39,0
DA:40,0
DA:41,0
DA:42,0
DA:43,0
DA:47,0
DA:48,0
DA:49,0
DA:50,0
DA:51,0
DA:54,0
DA:55,0
DA:56,0
DA:57,0
DA:58,0
DA:59,0
DA:60,0
LF:28
LH:0
end_of_record
SF:lib\domain\entities\genre.dart
DA:4,3
DA:12,2
DA:13,6
LF:3
LH:3
end_of_record
SF:lib\domain\entities\movie.dart
DA:4,7
DA:22,0
DA:54,7
DA:55,7
DA:56,7
DA:57,7
DA:58,7
DA:59,7
DA:60,7
DA:61,7
DA:62,7
DA:63,7
DA:64,7
DA:65,7
DA:66,7
DA:67,7
DA:68,7
DA:69,7
LF:18
LH:17
end_of_record
SF:lib\domain\entities\movie_detail.dart
DA:5,2
DA:36,1
DA:37,1
DA:38,1
DA:39,1
DA:40,1
DA:41,1
DA:42,1
DA:43,1
DA:44,1
DA:45,1
DA:46,1
DA:47,1
DA:48,1
DA:49,1
LF:15
LH:15
end_of_record
SF:lib\domain\entities\seasons.dart
DA:4,2
DA:22,1
DA:24,8
LF:3
LH:3
end_of_record
SF:lib\domain\entities\tv_series.dart
DA:4,7
DA:22,0
DA:54,7
DA:55,7
DA:56,7
DA:57,7
DA:58,7
DA:59,7
DA:60,7
DA:61,7
DA:62,7
DA:63,7
DA:64,7
DA:65,7
DA:66,7
DA:67,7
DA:68,7
DA:69,7
LF:18
LH:17
end_of_record
SF:lib\domain\entities\tv_series_detail.dart
DA:6,2
DA:40,1
DA:41,1
DA:42,1
DA:43,1
DA:44,1
DA:45,1
DA:46,1
DA:47,1
DA:48,1
DA:49,1
DA:50,1
DA:51,1
DA:52,1
DA:53,1
DA:54,1
DA:55,1
DA:56,1
LF:18
LH:18
end_of_record
SF:lib\common\failure.dart
DA:6,14
DA:8,0
DA:9,0
DA:13,28
DA:17,0
DA:21,0
LF:6
LH:2
end_of_record
SF:lib\domain\usecases\get_movie_detail.dart
DA:10,0
DA:13,0
DA:14,0
LF:3
LH:0
end_of_record
SF:lib\domain\usecases\get_movie_recommendations.dart
DA:10,0
DA:13,0
DA:14,0
LF:3
LH:0
end_of_record
SF:lib\presentation\bloc\movie\movie_detail_bloc.dart
DA:11,1
DA:14,2
DA:15,2
DA:16,2
DA:17,1
DA:18,2
DA:20,2
DA:22,1
DA:23,1
DA:24,3
DA:26,1
DA:27,1
DA:28,1
DA:29,3
DA:31,1
DA:32,2
LF:16
LH:16
end_of_record
SF:lib\presentation\bloc\movie\movie_detail_event.dart
DA:4,1
DA:9,1
DA:14,0
DA:19,0
LF:4
LH:2
end_of_record
SF:lib\presentation\bloc\movie\movie_detail_state.dart
DA:6,1
DA:8,1
DA:9,1
DA:19,1
DA:21,1
DA:22,2
DA:29,1
DA:34,1
DA:35,1
DA:36,1
DA:37,1
LF:11
LH:11
end_of_record
SF:lib\domain\usecases\get_movie_watchlist_status.dart
DA:7,0
DA:10,0
DA:11,0
LF:3
LH:0
end_of_record
SF:lib\data\repositories\movie_repository_impl.dart
DA:17,0
DA:27,0
DA:30,0
DA:31,0
DA:32,0
DA:33,0
DA:34,0
DA:35,0
DA:40,0
DA:43,0
DA:45,0
DA:46,0
DA:47,0
DA:48,0
DA:49,0
DA:54,0
DA:57,0
DA:58,0
DA:59,0
DA:60,0
DA:61,0
DA:62,0
DA:67,0
DA:70,0
DA:71,0
DA:72,0
DA:73,0
DA:74,0
DA:75,0
DA:80,0
DA:83,0
DA:84,0
DA:85,0
DA:86,0
DA:87,0
DA:88,0
DA:93,0
DA:96,0
DA:97,0
DA:98,0
DA:99,0
DA:100,0
DA:101,0
DA:106,0
DA:110,0
DA:111,0
DA:112,0
DA:113,0
DA:120,0
DA:125,0
DA:126,0
DA:127,0
DA:128,0
DA:133,0
DA:135,0
DA:140,0
DA:142,0
DA:143,0
LF:58
LH:0
end_of_record
SF:lib\common\exception.dart
DA:6,0
LF:1
LH:0
end_of_record
SF:lib\data\datasources\db\database_helper.dart
DA:9,0
DA:13,0
DA:17,0
DA:24,0
DA:26,0
DA:31,0
DA:32,0
DA:33,0
DA:34,0
DA:38,0
DA:39,0
DA:47,0
DA:50,0
DA:51,0
DA:52,0
DA:55,0
DA:56,0
DA:57,0
DA:60,0
DA:61,0
DA:62,0
DA:65,0
DA:69,0
DA:70,0
DA:71,0
DA:74,0
DA:79,0
DA:80,0
DA:81,0
DA:84,0
DA:87,0
DA:88,0
DA:94,0
DA:95,0
DA:97,0
DA:102,0
DA:103,0
DA:105,0
LF:38
LH:0
end_of_record
SF:lib\data\datasources\movie_local_data_source.dart
DA:15,0
DA:17,0
DA:20,0
DA:23,0
DA:27,0
DA:30,0
DA:33,0
DA:37,0
DA:39,0
DA:41,0
DA:47,0
DA:49,0
DA:50,0
LF:13
LH:0
end_of_record
SF:lib\data\datasources\movie_remote_data_source.dart
DA:25,0
DA:28,0
DA:31,0
DA:33,0
DA:34,0
DA:36,0
DA:41,0
DA:44,0
DA:46,0
DA:47,0
DA:49,0
DA:54,0
DA:56,0
DA:57,0
DA:59,0
DA:60,0
DA:62,0
DA:67,0
DA:70,0
DA:72,0
DA:73,0
DA:75,0
DA:80,0
DA:83,0
DA:85,0
DA:86,0
DA:88,0
DA:93,0
DA:95,0
DA:96,0
DA:98,0
DA:99,0
DA:101,0
LF:33
LH:0
end_of_record
SF:lib\data\models\movie_detail_model.dart
DA:6,0
DA:55,0
DA:56,0
DA:57,0
DA:58,0
DA:59,0
DA:60,0
DA:61,0
DA:62,0
DA:63,0
DA:64,0
DA:65,0
DA:66,0
DA:67,0
DA:68,0
DA:69,0
DA:70,0
DA:71,0
DA:72,0
DA:73,0
DA:74,0
DA:75,0
DA:76,0
DA:77,0
DA:78,0
DA:83,0
DA:84,0
DA:85,0
DA:86,0
DA:87,0
DA:88,0
DA:89,0
DA:90,0
DA:91,0
DA:92,0
DA:93,0
DA:94,0
DA:95,0
DA:96,0
DA:101,0
DA:102,0
DA:103,0
DA:104,0
DA:105,0
DA:106,0
DA:107,0
DA:108,0
DA:109,0
DA:110,0
DA:111,0
DA:112,0
DA:113,0
DA:114,0
DA:115,0
DA:116,0
DA:117,0
DA:118,0
DA:119,0
DA:120,0
DA:121,0
DA:122,0
DA:123,0
DA:124,0
LF:63
LH:0
end_of_record
SF:lib\data\models\movie_model.dart
DA:5,0
DA:38,0
DA:39,0
DA:40,0
DA:41,0
DA:42,0
DA:43,0
DA:44,0
DA:45,0
DA:46,0
DA:47,0
DA:48,0
DA:49,0
DA:50,0
DA:51,0
DA:56,0
DA:57,0
DA:58,0
DA:59,0
DA:60,0
DA:61,0
DA:62,0
DA:63,0
DA:64,0
DA:65,0
DA:66,0
DA:67,0
DA:68,0
DA:69,0
DA:74,0
DA:75,0
DA:76,0
DA:77,0
DA:78,0
DA:79,0
DA:80,0
DA:81,0
DA:82,0
DA:83,0
DA:84,0
DA:85,0
DA:86,0
DA:87,0
DA:88,0
DA:89,0
DA:93,0
DA:94,0
DA:95,0
DA:96,0
DA:97,0
DA:98,0
DA:99,0
DA:100,0
DA:101,0
DA:102,0
DA:103,0
DA:104,0
DA:105,0
DA:106,0
DA:107,0
DA:108,0
LF:61
LH:0
end_of_record
SF:lib\data\models\movie_response.dart
DA:7,0
DA:10,0
DA:11,0
DA:12,0
DA:13,0
DA:16,0
DA:17,0
DA:20,0
DA:21,0
LF:9
LH:0
end_of_record
SF:lib\data\datasources\tv_series_local_data_source.dart
DA:16,0
DA:18,0
DA:21,0
DA:24,0
DA:28,0
DA:31,0
DA:34,0
DA:38,0
DA:40,0
DA:42,0
DA:48,0
DA:50,0
DA:51,0
LF:13
LH:0
end_of_record
SF:lib\data\datasources\tv_series_remote_data_source.dart
DA:24,0
DA:27,0
DA:30,0
DA:32,0
DA:33,0
DA:35,0
DA:40,0
DA:42,0
DA:44,0
DA:45,0
DA:47,0
DA:52,0
DA:54,0
DA:55,0
DA:57,0
DA:58,0
DA:60,0
DA:65,0
DA:68,0
DA:70,0
DA:71,0
DA:73,0
DA:78,0
DA:81,0
DA:83,0
DA:84,0
DA:86,0
DA:91,0
DA:93,0
DA:94,0
DA:96,0
DA:97,0
DA:99,0
LF:33
LH:0
end_of_record
SF:lib\data\models\tv_series_detail_model.dart
DA:7,0
DA:42,0
DA:43,0
DA:44,0
DA:45,0
DA:46,0
DA:47,0
DA:48,0
DA:49,0
DA:50,0
DA:51,0
DA:52,0
DA:53,0
DA:54,0
DA:55,0
DA:56,0
DA:57,0
DA:58,0
DA:59,0
DA:64,0
DA:65,0
DA:66,0
DA:67,0
DA:68,0
DA:69,0
DA:70,0
DA:71,0
DA:72,0
DA:73,0
DA:74,0
DA:75,0
DA:76,0
DA:77,0
DA:78,0
DA:79,0
DA:84,0
DA:85,0
DA:86,0
DA:87,0
DA:88,0
DA:89,0
DA:90,0
DA:91,0
DA:92,0
DA:93,0
DA:94,0
DA:95,0
DA:96,0
DA:97,0
DA:98,0
DA:99,0
DA:100,0
LF:52
LH:0
end_of_record
SF:lib\data\models\tv_series_model.dart
DA:5,0
DA:38,0
DA:39,0
DA:40,0
DA:41,0
DA:42,0
DA:43,0
DA:44,0
DA:45,0
DA:46,0
DA:47,0
DA:48,0
DA:49,0
DA:50,0
DA:51,0
DA:56,0
DA:57,0
DA:58,0
DA:59,0
DA:60,0
DA:61,0
DA:62,0
DA:63,0
DA:64,0
DA:65,0
DA:66,0
DA:67,0
DA:68,0
DA:69,0
DA:74,0
DA:75,0
DA:76,0
DA:77,0
DA:78,0
DA:79,0
DA:80,0
DA:81,0
DA:82,0
DA:83,0
DA:84,0
DA:85,0
DA:86,0
DA:87,0
DA:88,0
DA:89,0
DA:93,0
DA:94,0
DA:95,0
DA:96,0
DA:97,0
DA:98,0
DA:99,0
DA:100,0
DA:101,0
DA:102,0
DA:103,0
DA:104,0
DA:105,0
DA:106,0
DA:107,0
DA:108,0
LF:61
LH:0
end_of_record
SF:lib\data\models\tv_series_response.dart
DA:7,0
DA:10,0
DA:11,0
DA:12,0
DA:13,0
DA:14,0
DA:17,0
DA:18,0
DA:21,0
DA:22,0
LF:10
LH:0
end_of_record
SF:lib\data\models\genre_model.dart
DA:5,0
DA:14,0
DA:15,0
DA:16,0
DA:20,0
DA:21,0
DA:22,0
DA:26,0
DA:27,0
DA:30,0
DA:31,0
LF:11
LH:0
end_of_record
SF:lib\data\models\seasons_model.dart
DA:5,0
DA:24,0
DA:25,0
DA:26,0
DA:27,0
DA:28,0
DA:29,0
DA:30,0
DA:31,0
DA:35,0
DA:36,0
DA:37,0
DA:38,0
DA:39,0
DA:40,0
DA:41,0
DA:42,0
DA:43,0
DA:46,0
DA:47,0
DA:48,0
DA:49,0
DA:50,0
DA:51,0
DA:52,0
DA:53,0
DA:54,0
LF:27
LH:0
end_of_record
SF:lib\data\repositories\tv_series_repository_impl.dart
DA:17,0
DA:27,0
DA:30,0
DA:31,0
DA:32,0
DA:33,0
DA:34,0
DA:35,0
DA:40,0
DA:43,0
DA:44,0
DA:45,0
DA:46,0
DA:47,0
DA:48,0
DA:53,0
DA:57,0
DA:58,0
DA:59,0
DA:60,0
DA:61,0
DA:62,0
DA:67,0
DA:70,0
DA:71,0
DA:72,0
DA:73,0
DA:74,0
DA:75,0
DA:80,0
DA:83,0
DA:84,0
DA:85,0
DA:86,0
DA:87,0
DA:88,0
DA:93,0
DA:96,0
DA:97,0
DA:98,0
DA:99,0
DA:100,0
DA:101,0
DA:106,0
DA:110,0
DA:111,0
DA:112,0
DA:113,0
DA:114,0
DA:119,0
DA:123,0
DA:124,0
DA:125,0
DA:126,0
DA:127,0
DA:132,0
DA:134,0
DA:139,0
DA:141,0
DA:142,0
LF:60
LH:0
end_of_record
SF:lib\domain\usecases\search_movies.dart
DA:10,0
DA:13,0
DA:14,0
LF:3
LH:0
end_of_record
SF:lib\domain\usecases\search_tv_series.dart
DA:9,0
DA:12,0
DA:13,0
LF:3
LH:0
end_of_record
SF:lib\presentation\bloc\search_bloc.dart
DA:11,3
DA:12,1
DA:13,1
DA:14,1
DA:16,2
DA:17,2
DA:19,1
DA:20,1
DA:21,3
DA:23,1
DA:24,2
DA:28,1
DA:36,3
DA:37,1
DA:38,1
DA:39,1
DA:41,2
DA:42,2
DA:44,1
DA:45,1
DA:46,3
DA:48,1
DA:49,2
DA:53,1
DA:58,1
DA:59,3
LF:26
LH:26
end_of_record
SF:lib\presentation\bloc\search_event.dart
DA:2,1
DA:8,1
LF:2
LH:2
end_of_record
SF:lib\presentation\bloc\search_state.dart
DA:4,1
DA:6,1
DA:7,1
DA:16,1
DA:18,1
DA:19,2
DA:24,1
DA:26,1
DA:27,2
LF:9
LH:9
end_of_record
SF:lib\domain\usecases\get_now_playing_movies.dart
DA:10,0
DA:13,0
DA:14,0
LF:3
LH:0
end_of_record
SF:lib\domain\usecases\get_popular_movies.dart
DA:10,0
DA:13,0
DA:14,0
LF:3
LH:0
end_of_record
SF:lib\domain\usecases\get_top_rated_movies.dart
DA:10,0
DA:13,0
DA:14,0
LF:3
LH:0
end_of_record
SF:lib\presentation\bloc\movie\movie_list_bloc.dart
DA:13,1
DA:17,2
DA:18,2
DA:19,2
DA:20,2
DA:21,2
DA:22,2
DA:24,2
DA:25,3
DA:26,1
DA:27,2
DA:28,3
DA:29,1
DA:30,2
DA:31,3
DA:32,1
DA:33,2
LF:17
LH:17
end_of_record
SF:lib\presentation\bloc\movie\movie_list_event.dart
DA:2,1
LF:1
LH:1
end_of_record
SF:lib\presentation\bloc\movie\movie_list_state.dart
DA:5,1
DA:7,1
DA:8,1
DA:15,1
DA:17,1
DA:18,2
DA:28,1
DA:31,1
DA:32,4
LF:9
LH:9
end_of_record
SF:lib\presentation\bloc\movie\now_playing_movies_bloc.dart
DA:10,1
DA:11,2
DA:12,2
DA:13,2
DA:14,2
DA:15,2
DA:16,3
DA:17,1
DA:18,2
LF:9
LH:9
end_of_record
SF:lib\presentation\bloc\movie\now_playing_movies_event.dart
DA:2,1
LF:1
LH:1
end_of_record
SF:lib\presentation\bloc\movie\now_playing_movies_state.dart
DA:5,1
DA:7,1
DA:8,1
DA:15,1
DA:22,1
DA:24,1
DA:25,2
LF:7
LH:7
end_of_record
SF:lib\presentation\bloc\movie\popular_movies_bloc.dart
DA:9,3
DA:10,2
DA:11,2
DA:12,2
DA:13,2
DA:14,3
DA:15,1
DA:16,2
LF:8
LH:8
end_of_record
SF:lib\presentation\bloc\movie\popular_movies_event.dart
DA:2,1
LF:1
LH:1
end_of_record
SF:lib\presentation\bloc\movie\popular_movies_state.dart
DA:5,1
DA:7,1
DA:8,1
DA:15,1
DA:22,1
DA:24,1
DA:25,2
LF:7
LH:7
end_of_record
SF:lib\presentation\bloc\movie\top_rated_movies_bloc.dart
DA:10,3
DA:11,2
DA:12,2
DA:13,2
DA:14,2
DA:15,3
DA:16,1
DA:17,2
LF:8
LH:8
end_of_record
SF:lib\presentation\bloc\movie\top_rated_movies_event.dart
DA:2,1
LF:1
LH:1
end_of_record
SF:lib\presentation\bloc\movie\top_rated_movies_state.dart
DA:5,1
DA:7,1
DA:8,1
DA:15,1
DA:22,1
DA:24,1
DA:25,2
LF:7
LH:7
end_of_record
SF:lib\domain\usecases\get_watchlist_movies.dart
DA:10,0
DA:13,0
DA:14,0
LF:3
LH:0
end_of_record
SF:lib\presentation\bloc\movie\watchlist_movie_bloc.dart
DA:10,3
DA:11,2
DA:12,2
DA:13,2
DA:14,2
DA:15,3
DA:16,1
DA:17,2
LF:8
LH:8
end_of_record
SF:lib\presentation\bloc\movie\watchlist_movie_event.dart
DA:2,1
LF:1
LH:1
end_of_record
SF:lib\presentation\bloc\movie\watchlist_movie_state.dart
DA:5,1
DA:7,1
DA:8,1
DA:17,1
DA:19,1
DA:20,2
DA:25,1
DA:27,1
DA:28,2
LF:9
LH:9
end_of_record
SF:lib\domain\usecases\get_now_playing_tv_series.dart
DA:9,0
DA:12,0
DA:13,0
LF:3
LH:0
end_of_record
SF:lib\presentation\bloc\tv_series\now_playing_tv_series_bloc.dart
DA:10,1
DA:11,2
DA:12,2
DA:13,2
DA:14,2
DA:15,2
DA:16,3
DA:17,1
DA:18,2
LF:9
LH:9
end_of_record
SF:lib\presentation\bloc\tv_series\now_playing_tv_series_event.dart
DA:2,1
LF:1
LH:1
end_of_record
SF:lib\presentation\bloc\tv_series\now_playing_tv_series_state.dart
DA:5,1
DA:7,1
DA:8,1
DA:17,1
DA:19,1
DA:20,2
DA:25,1
DA:27,1
DA:28,2
LF:9
LH:9
end_of_record
SF:lib\domain\usecases\get_popular_tv_series.dart
DA:9,0
DA:12,0
DA:13,0
LF:3
LH:0
end_of_record
SF:lib\presentation\bloc\tv_series\popular_tv_series_bloc.dart
DA:10,3
DA:11,2
DA:12,2
DA:13,2
DA:14,2
DA:15,3
DA:16,1
DA:17,2
LF:8
LH:8
end_of_record
SF:lib\presentation\bloc\tv_series\popular_tv_series_event.dart
DA:2,1
LF:1
LH:1
end_of_record
SF:lib\presentation\bloc\tv_series\popular_tv_series_state.dart
DA:5,1
DA:7,1
DA:8,1
DA:17,1
DA:19,1
DA:20,2
DA:25,1
DA:27,1
DA:28,2
LF:9
LH:9
end_of_record
SF:lib\domain\usecases\get_top_rated_tv_series.dart
DA:9,0
DA:12,0
DA:13,0
LF:3
LH:0
end_of_record
SF:lib\presentation\bloc\tv_series\top_rated_tv_series_bloc.dart
DA:10,1
DA:11,2
DA:12,2
DA:13,2
DA:14,2
DA:15,2
DA:16,3
DA:17,1
DA:18,2
LF:9
LH:9
end_of_record
SF:lib\presentation\bloc\tv_series\top_rated_tv_series_event.dart
DA:2,1
LF:1
LH:1
end_of_record
SF:lib\presentation\bloc\tv_series\top_rated_tv_series_state.dart
DA:5,1
DA:7,1
DA:8,1
DA:17,1
DA:19,1
DA:20,2
DA:25,1
DA:27,1
DA:28,2
LF:9
LH:9
end_of_record
SF:lib\domain\usecases\get_tv_series_detail.dart
DA:9,0
DA:12,0
DA:13,0
LF:3
LH:0
end_of_record
SF:lib\domain\usecases\get_tv_series_recommendations.dart
DA:9,0
DA:12,0
DA:13,0
LF:3
LH:0
end_of_record
SF:lib\domain\usecases\get_tv_series_watchlist_status.dart
DA:6,0
DA:9,0
DA:10,0
LF:3
LH:0
end_of_record
SF:lib\presentation\bloc\tv_series\tv_series_detail_bloc.dart
DA:12,1
DA:15,2
DA:16,2
DA:17,2
DA:18,1
DA:19,2
DA:21,2
DA:23,1
DA:24,1
DA:25,3
DA:27,1
DA:28,1
DA:29,1
DA:30,3
DA:32,1
DA:33,2
LF:16
LH:16
end_of_record
SF:lib\presentation\bloc\tv_series\tv_series_detail_event.dart
DA:4,1
DA:9,1
DA:14,0
DA:19,0
LF:4
LH:2
end_of_record
SF:lib\presentation\bloc\tv_series\tv_series_detail_state.dart
DA:6,1
DA:8,1
DA:9,1
DA:19,1
DA:21,1
DA:22,2
DA:29,1
DA:34,1
DA:35,1
DA:36,1
DA:37,1
LF:11
LH:11
end_of_record
SF:lib\presentation\bloc\tv_series\tv_series_list_bloc.dart
DA:13,1
DA:17,2
DA:18,2
DA:19,2
DA:20,2
DA:21,2
DA:22,2
DA:24,2
DA:25,3
DA:26,1
DA:27,2
DA:28,3
DA:29,1
DA:30,2
DA:31,3
DA:32,1
DA:33,2
LF:17
LH:17
end_of_record
SF:lib\presentation\bloc\tv_series\tv_series_list_event.dart
DA:2,1
LF:1
LH:1
end_of_record
SF:lib\presentation\bloc\tv_series\tv_series_list_state.dart
DA:5,1
DA:7,1
DA:8,1
DA:15,1
DA:17,1
DA:18,2
DA:28,1
DA:31,1
DA:33,4
LF:9
LH:9
end_of_record
SF:lib\domain\usecases\get_watchlist_tv_series.dart
DA:10,0
DA:13,0
DA:14,0
LF:3
LH:0
end_of_record
SF:lib\presentation\bloc\tv_series\watchlist_tv_series_bloc.dart
DA:10,1
DA:11,2
DA:12,2
DA:13,2
DA:14,2
DA:15,2
DA:16,3
DA:17,1
DA:18,2
LF:9
LH:9
end_of_record
SF:lib\presentation\bloc\tv_series\watchlist_tv_series_event.dart
DA:2,1
LF:1
LH:1
end_of_record
SF:lib\presentation\bloc\tv_series\watchlist_tv_series_state.dart
DA:5,1
DA:7,1
DA:8,1
DA:17,1
DA:19,1
DA:20,2
DA:25,1
DA:27,1
DA:28,2
LF:9
LH:9
end_of_record
SF:lib\domain\usecases\remove_movie_watchlist.dart
DA:10,0
DA:13,0
DA:14,0
LF:3
LH:0
end_of_record
SF:lib\domain\usecases\remove_tv_series_watchlist.dart
DA:9,0
DA:12,0
DA:13,0
LF:3
LH:0
end_of_record
SF:lib\domain\usecases\save_movie_watchlist.dart
DA:10,0
DA:13,0
DA:14,0
LF:3
LH:0
end_of_record
SF:lib\domain\usecases\save_tv_series_watchlist.dart
DA:10,0
DA:13,0
DA:14,0
LF:3
LH:0
end_of_record
SF:lib\presentation\bloc\watchlist_button_bloc.dart
DA:20,1
DA:27,2
DA:28,2
DA:29,3
DA:30,2
DA:33,2
DA:34,3
DA:36,1
DA:37,1
DA:38,3
DA:40,1
DA:41,2
DA:46,2
DA:47,3
DA:48,1
DA:49,1
DA:50,3
DA:52,1
DA:53,2
DA:58,2
DA:59,3
DA:60,2
DA:63,2
DA:64,3
DA:66,1
DA:67,1
DA:68,3
DA:70,1
DA:71,2
DA:76,2
DA:78,3
DA:79,1
DA:80,1
DA:81,3
DA:83,1
DA:84,2
LF:36
LH:36
end_of_record
SF:lib\presentation\bloc\watchlist_button_event.dart
DA:5,1
DA:11,1
DA:16,1
DA:21,1
DA:28,1
DA:33,1
DA:38,1
LF:7
LH:7
end_of_record
SF:lib\presentation\bloc\watchlist_button_state.dart
DA:4,1
DA:6,0
DA:7,0
DA:12,1
DA:14,1
DA:15,2
DA:24,1
DA:26,1
DA:27,3
LF:9
LH:7
end_of_record
